{"C:\\Users\\hasin\\Desktop\\FocusBear\\my-onboarding-backend-nest-js\\focusbear-intern-repo\\coding-tasks\\nestjs-testing\\src\\jwt-auth.guard.ts": {"path":"C:\\Users\\hasin\\Desktop\\FocusBear\\my-onboarding-backend-nest-js\\focusbear-intern-repo\\coding-tasks\\nestjs-testing\\src\\jwt-auth.guard.ts","statementMap":{"0":{"start":{"line":16,"column":0},"end":{"line":16,"column":null}},"1":{"start":{"line":24,"column":78},"end":{"line":37,"column":2}},"2":{"start":{"line":40,"column":7},"end":{"line":66,"column":null}},"3":{"start":{"line":42,"column":20},"end":{"line":42,"column":55}},"4":{"start":{"line":43,"column":23},"end":{"line":43,"column":53}},"5":{"start":{"line":46,"column":4},"end":{"line":48,"column":5}},"6":{"start":{"line":47,"column":6},"end":{"line":47,"column":73}},"7":{"start":{"line":51,"column":28},"end":{"line":51,"column":49}},"8":{"start":{"line":52,"column":4},"end":{"line":54,"column":5}},"9":{"start":{"line":53,"column":6},"end":{"line":53,"column":70}},"10":{"start":{"line":57,"column":17},"end":{"line":57,"column":34}},"11":{"start":{"line":58,"column":4},"end":{"line":60,"column":5}},"12":{"start":{"line":59,"column":6},"end":{"line":59,"column":55}},"13":{"start":{"line":63,"column":4},"end":{"line":63,"column":24}},"14":{"start":{"line":64,"column":4},"end":{"line":64,"column":16}},"15":{"start":{"line":40,"column":13},"end":{"line":40,"column":25}},"16":{"start":{"line":40,"column":13},"end":{"line":66,"column":null}}},"fnMap":{"0":{"name":"(anonymous_1)","decl":{"start":{"line":41,"column":2},"end":{"line":41,"column":13}},"loc":{"start":{"line":41,"column":39},"end":{"line":65,"column":3}}}},"branchMap":{"0":{"loc":{"start":{"line":46,"column":4},"end":{"line":48,"column":5}},"type":"if","locations":[{"start":{"line":46,"column":4},"end":{"line":48,"column":5}},{"start":{},"end":{}}]},"1":{"loc":{"start":{"line":52,"column":4},"end":{"line":54,"column":5}},"type":"if","locations":[{"start":{"line":52,"column":4},"end":{"line":54,"column":5}},{"start":{},"end":{}}]},"2":{"loc":{"start":{"line":52,"column":8},"end":{"line":52,"column":37}},"type":"binary-expr","locations":[{"start":{"line":52,"column":8},"end":{"line":52,"column":27}},{"start":{"line":52,"column":31},"end":{"line":52,"column":37}}]},"3":{"loc":{"start":{"line":58,"column":4},"end":{"line":60,"column":5}},"type":"if","locations":[{"start":{"line":58,"column":4},"end":{"line":60,"column":5}},{"start":{},"end":{}}]}},"s":{"0":4,"1":4,"2":4,"3":34,"4":34,"5":34,"6":6,"7":28,"8":28,"9":4,"10":24,"11":24,"12":3,"13":21,"14":21,"15":4,"16":4},"f":{"0":34},"b":{"0":[6,28],"1":[4,24],"2":[28,25],"3":[3,21]}}
,"C:\\Users\\hasin\\Desktop\\FocusBear\\my-onboarding-backend-nest-js\\focusbear-intern-repo\\coding-tasks\\nestjs-testing\\src\\notifications.service.ts": {"path":"C:\\Users\\hasin\\Desktop\\FocusBear\\my-onboarding-backend-nest-js\\focusbear-intern-repo\\coding-tasks\\nestjs-testing\\src\\notifications.service.ts","statementMap":{"0":{"start":{"line":9,"column":0},"end":{"line":9,"column":44}},"1":{"start":{"line":12,"column":7},"end":{"line":25,"column":null}},"2":{"start":{"line":12,"column":13},"end":{"line":12,"column":33}},"3":{"start":{"line":12,"column":13},"end":{"line":25,"column":null}}},"fnMap":{"0":{"name":"(anonymous_1)","decl":{"start":{"line":13,"column":2},"end":{"line":13,"column":7}},"loc":{"start":{"line":13,"column":65},"end":{"line":16,"column":3}}},"1":{"name":"(anonymous_2)","decl":{"start":{"line":18,"column":2},"end":{"line":18,"column":7}},"loc":{"start":{"line":18,"column":67},"end":{"line":20,"column":3}}},"2":{"name":"(anonymous_3)","decl":{"start":{"line":22,"column":2},"end":{"line":22,"column":7}},"loc":{"start":{"line":22,"column":67},"end":{"line":24,"column":3}}}},"branchMap":{},"s":{"0":4,"1":4,"2":4,"3":4},"f":{"0":2,"1":0,"2":2},"b":{}}
,"C:\\Users\\hasin\\Desktop\\FocusBear\\my-onboarding-backend-nest-js\\focusbear-intern-repo\\coding-tasks\\nestjs-testing\\src\\permissions.decorator.ts": {"path":"C:\\Users\\hasin\\Desktop\\FocusBear\\my-onboarding-backend-nest-js\\focusbear-intern-repo\\coding-tasks\\nestjs-testing\\src\\permissions.decorator.ts","statementMap":{"0":{"start":{"line":1,"column":0},"end":{"line":1,"column":45}},"1":{"start":{"line":3,"column":13},"end":{"line":3,"column":45}},"2":{"start":{"line":4,"column":27},"end":{"line":5,"column":43}},"3":{"start":{"line":5,"column":2},"end":{"line":5,"column":43}},"4":{"start":{"line":4,"column":13},"end":{"line":4,"column":27}}},"fnMap":{"0":{"name":"(anonymous_0)","decl":{"start":{"line":4,"column":27},"end":{"line":4,"column":28}},"loc":{"start":{"line":5,"column":2},"end":{"line":5,"column":43}}}},"branchMap":{},"s":{"0":5,"1":5,"2":5,"3":15,"4":5},"f":{"0":15},"b":{}}
,"C:\\Users\\hasin\\Desktop\\FocusBear\\my-onboarding-backend-nest-js\\focusbear-intern-repo\\coding-tasks\\nestjs-testing\\src\\permissions.guard.ts": {"path":"C:\\Users\\hasin\\Desktop\\FocusBear\\my-onboarding-backend-nest-js\\focusbear-intern-repo\\coding-tasks\\nestjs-testing\\src\\permissions.guard.ts","statementMap":{"0":{"start":{"line":1,"column":0},"end":{"line":1,"column":75}},"1":{"start":{"line":2,"column":0},"end":{"line":2,"column":41}},"2":{"start":{"line":3,"column":0},"end":{"line":3,"column":58}},"3":{"start":{"line":6,"column":7},"end":{"line":30,"column":null}},"4":{"start":{"line":7,"column":22},"end":{"line":7,"column":33}},"5":{"start":{"line":11,"column":32},"end":{"line":13,"column":null}},"6":{"start":{"line":17,"column":4},"end":{"line":19,"column":5}},"7":{"start":{"line":18,"column":6},"end":{"line":18,"column":18}},"8":{"start":{"line":22,"column":20},"end":{"line":22,"column":55}},"9":{"start":{"line":23,"column":38},"end":{"line":23,"column":69}},"10":{"start":{"line":26,"column":4},"end":{"line":28,"column":6}},"11":{"start":{"line":27,"column":6},"end":{"line":27,"column":36}},"12":{"start":{"line":6,"column":13},"end":{"line":6,"column":29}},"13":{"start":{"line":6,"column":13},"end":{"line":30,"column":null}}},"fnMap":{"0":{"name":"(anonymous_2)","decl":{"start":{"line":7,"column":2},"end":{"line":7,"column":22}},"loc":{"start":{"line":7,"column":42},"end":{"line":7,"column":46}}},"1":{"name":"(anonymous_3)","decl":{"start":{"line":9,"column":2},"end":{"line":9,"column":13}},"loc":{"start":{"line":9,"column":39},"end":{"line":29,"column":3}}},"2":{"name":"(anonymous_4)","decl":{"start":{"line":26,"column":37},"end":{"line":26,"column":38}},"loc":{"start":{"line":27,"column":6},"end":{"line":27,"column":36}}}},"branchMap":{"0":{"loc":{"start":{"line":17,"column":4},"end":{"line":19,"column":5}},"type":"if","locations":[{"start":{"line":17,"column":4},"end":{"line":19,"column":5}},{"start":{},"end":{}}]},"1":{"loc":{"start":{"line":17,"column":8},"end":{"line":17,"column":64}},"type":"binary-expr","locations":[{"start":{"line":17,"column":8},"end":{"line":17,"column":28}},{"start":{"line":17,"column":32},"end":{"line":17,"column":64}}]},"2":{"loc":{"start":{"line":23,"column":38},"end":{"line":23,"column":69}},"type":"binary-expr","locations":[{"start":{"line":23,"column":38},"end":{"line":23,"column":63}},{"start":{"line":23,"column":67},"end":{"line":23,"column":69}}]}},"s":{"0":4,"1":4,"2":4,"3":4,"4":11,"5":28,"6":28,"7":2,"8":26,"9":26,"10":26,"11":28,"12":4,"13":4},"f":{"0":11,"1":28,"2":28},"b":{"0":[2,26],"1":[28,27],"2":[26,2]}}
,"C:\\Users\\hasin\\Desktop\\FocusBear\\my-onboarding-backend-nest-js\\focusbear-intern-repo\\coding-tasks\\nestjs-testing\\src\\task.utils.ts": {"path":"C:\\Users\\hasin\\Desktop\\FocusBear\\my-onboarding-backend-nest-js\\focusbear-intern-repo\\coding-tasks\\nestjs-testing\\src\\task.utils.ts","statementMap":{"0":{"start":{"line":14,"column":0},"end":{"line":14,"column":16}},"1":{"start":{"line":19,"column":0},"end":{"line":19,"column":16}},"2":{"start":{"line":15,"column":17},"end":{"line":15,"column":47}},"3":{"start":{"line":16,"column":2},"end":{"line":16,"column":32}},"4":{"start":{"line":23,"column":21},"end":{"line":23,"column":52}},"5":{"start":{"line":24,"column":16},"end":{"line":24,"column":36}},"6":{"start":{"line":25,"column":2},"end":{"line":25,"column":31}}},"fnMap":{"0":{"name":"generateTaskSummary","decl":{"start":{"line":14,"column":16},"end":{"line":14,"column":35}},"loc":{"start":{"line":14,"column":69},"end":{"line":17,"column":1}}},"1":{"name":"calculatePriorityScore","decl":{"start":{"line":19,"column":16},"end":{"line":19,"column":38}},"loc":{"start":{"line":21,"column":20},"end":{"line":26,"column":1}}}},"branchMap":{"0":{"loc":{"start":{"line":15,"column":17},"end":{"line":15,"column":47}},"type":"cond-expr","locations":[{"start":{"line":15,"column":29},"end":{"line":15,"column":35}},{"start":{"line":15,"column":38},"end":{"line":15,"column":47}}]},"1":{"loc":{"start":{"line":25,"column":9},"end":{"line":25,"column":30}},"type":"cond-expr","locations":[{"start":{"line":25,"column":21},"end":{"line":25,"column":22}},{"start":{"line":25,"column":25},"end":{"line":25,"column":30}}]}},"s":{"0":5,"1":5,"2":7,"3":7,"4":14,"5":14,"6":14},"f":{"0":7,"1":14},"b":{"0":[3,4],"1":[5,9]}}
,"C:\\Users\\hasin\\Desktop\\FocusBear\\my-onboarding-backend-nest-js\\focusbear-intern-repo\\coding-tasks\\nestjs-testing\\src\\tasks.controller.ts": {"path":"C:\\Users\\hasin\\Desktop\\FocusBear\\my-onboarding-backend-nest-js\\focusbear-intern-repo\\coding-tasks\\nestjs-testing\\src\\tasks.controller.ts","statementMap":{"0":{"start":{"line":10,"column":0},"end":{"line":10,"column":null}},"1":{"start":{"line":21,"column":0},"end":{"line":21,"column":47}},"2":{"start":{"line":22,"column":0},"end":{"line":22,"column":48}},"3":{"start":{"line":23,"column":0},"end":{"line":23,"column":55}},"4":{"start":{"line":24,"column":0},"end":{"line":24,"column":54}},"5":{"start":{"line":25,"column":0},"end":{"line":25,"column":58}},"6":{"start":{"line":29,"column":7},"end":{"line":69,"column":null}},"7":{"start":{"line":30,"column":31},"end":{"line":30,"column":45}},"8":{"start":{"line":35,"column":4},"end":{"line":35,"column":64}},"9":{"start":{"line":41,"column":4},"end":{"line":41,"column":39}},"10":{"start":{"line":47,"column":4},"end":{"line":47,"column":41}},"11":{"start":{"line":53,"column":4},"end":{"line":53,"column":45}},"12":{"start":{"line":59,"column":4},"end":{"line":59,"column":40}},"13":{"start":{"line":64,"column":4},"end":{"line":67,"column":6}},"14":{"start":{"line":29,"column":13},"end":{"line":29,"column":28}},"15":{"start":{"line":34,"column":2},"end":{"line":36,"column":null}},"16":{"start":{"line":40,"column":2},"end":{"line":42,"column":null}},"17":{"start":{"line":46,"column":2},"end":{"line":48,"column":null}},"18":{"start":{"line":52,"column":2},"end":{"line":54,"column":null}},"19":{"start":{"line":58,"column":2},"end":{"line":60,"column":null}},"20":{"start":{"line":63,"column":2},"end":{"line":68,"column":null}},"21":{"start":{"line":29,"column":13},"end":{"line":69,"column":null}}},"fnMap":{"0":{"name":"(anonymous_4)","decl":{"start":{"line":30,"column":2},"end":{"line":30,"column":31}},"loc":{"start":{"line":30,"column":57},"end":{"line":30,"column":61}}},"1":{"name":"(anonymous_5)","decl":{"start":{"line":34,"column":2},"end":{"line":34,"column":8}},"loc":{"start":{"line":34,"column":35},"end":{"line":36,"column":3}}},"2":{"name":"(anonymous_6)","decl":{"start":{"line":40,"column":2},"end":{"line":40,"column":9}},"loc":{"start":{"line":40,"column":9},"end":{"line":42,"column":3}}},"3":{"name":"(anonymous_7)","decl":{"start":{"line":46,"column":2},"end":{"line":46,"column":9}},"loc":{"start":{"line":46,"column":33},"end":{"line":48,"column":3}}},"4":{"name":"(anonymous_8)","decl":{"start":{"line":52,"column":2},"end":{"line":52,"column":8}},"loc":{"start":{"line":52,"column":60},"end":{"line":54,"column":3}}},"5":{"name":"(anonymous_9)","decl":{"start":{"line":58,"column":2},"end":{"line":58,"column":8}},"loc":{"start":{"line":58,"column":32},"end":{"line":60,"column":3}}},"6":{"name":"(anonymous_10)","decl":{"start":{"line":63,"column":2},"end":{"line":63,"column":12}},"loc":{"start":{"line":63,"column":32},"end":{"line":68,"column":3}}}},"branchMap":{},"s":{"0":3,"1":3,"2":3,"3":3,"4":3,"5":3,"6":3,"7":17,"8":5,"9":6,"10":6,"11":3,"12":3,"13":1,"14":3,"15":3,"16":3,"17":3,"18":3,"19":3,"20":3,"21":3},"f":{"0":17,"1":5,"2":6,"3":6,"4":3,"5":3,"6":1},"b":{}}
,"C:\\Users\\hasin\\Desktop\\FocusBear\\my-onboarding-backend-nest-js\\focusbear-intern-repo\\coding-tasks\\nestjs-testing\\src\\tasks.service.ts": {"path":"C:\\Users\\hasin\\Desktop\\FocusBear\\my-onboarding-backend-nest-js\\focusbear-intern-repo\\coding-tasks\\nestjs-testing\\src\\tasks.service.ts","statementMap":{"0":{"start":{"line":12,"column":0},"end":{"line":12,"column":71}},"1":{"start":{"line":14,"column":0},"end":{"line":14,"column":63}},"2":{"start":{"line":15,"column":0},"end":{"line":15,"column":75}},"3":{"start":{"line":18,"column":13},"end":{"line":18,"column":49}},"4":{"start":{"line":21,"column":7},"end":{"line":97,"column":null}},"5":{"start":{"line":24,"column":21},"end":{"line":24,"column":51}},"6":{"start":{"line":26,"column":21},"end":{"line":26,"column":43}},"7":{"start":{"line":30,"column":17},"end":{"line":30,"column":67}},"8":{"start":{"line":31,"column":18},"end":{"line":31,"column":54}},"9":{"start":{"line":34,"column":4},"end":{"line":34,"column":87}},"10":{"start":{"line":35,"column":4},"end":{"line":35,"column":79}},"11":{"start":{"line":37,"column":4},"end":{"line":37,"column":17}},"12":{"start":{"line":41,"column":4},"end":{"line":41,"column":38}},"13":{"start":{"line":45,"column":17},"end":{"line":45,"column":60}},"14":{"start":{"line":46,"column":4},"end":{"line":48,"column":5}},"15":{"start":{"line":47,"column":6},"end":{"line":47,"column":60}},"16":{"start":{"line":49,"column":4},"end":{"line":49,"column":16}},"17":{"start":{"line":56,"column":17},"end":{"line":56,"column":39}},"18":{"start":{"line":57,"column":26},"end":{"line":57,"column":68}},"19":{"start":{"line":60,"column":4},"end":{"line":60,"column":30}},"20":{"start":{"line":61,"column":20},"end":{"line":61,"column":56}},"21":{"start":{"line":64,"column":4},"end":{"line":69,"column":5}},"22":{"start":{"line":65,"column":6},"end":{"line":68,"column":8}},"23":{"start":{"line":71,"column":4},"end":{"line":71,"column":19}},"24":{"start":{"line":75,"column":17},"end":{"line":75,"column":39}},"25":{"start":{"line":76,"column":4},"end":{"line":76,"column":43}},"26":{"start":{"line":77,"column":4},"end":{"line":77,"column":55}},"27":{"start":{"line":86,"column":17},"end":{"line":86,"column":39}},"28":{"start":{"line":87,"column":4},"end":{"line":87,"column":59}},"29":{"start":{"line":91,"column":18},"end":{"line":91,"column":38}},"30":{"start":{"line":92,"column":4},"end":{"line":95,"column":6}},"31":{"start":{"line":93,"column":23},"end":{"line":93,"column":84}},"32":{"start":{"line":21,"column":13},"end":{"line":21,"column":25}},"33":{"start":{"line":21,"column":13},"end":{"line":97,"column":null}}},"fnMap":{"0":{"name":"(anonymous_4)","decl":{"start":{"line":22,"column":2},"end":{"line":22,"column":null}},"loc":{"start":{"line":26,"column":63},"end":{"line":27,"column":6}}},"1":{"name":"(anonymous_5)","decl":{"start":{"line":29,"column":2},"end":{"line":29,"column":7}},"loc":{"start":{"line":29,"column":49},"end":{"line":38,"column":3}}},"2":{"name":"(anonymous_6)","decl":{"start":{"line":40,"column":2},"end":{"line":40,"column":7}},"loc":{"start":{"line":40,"column":15},"end":{"line":42,"column":3}}},"3":{"name":"(anonymous_7)","decl":{"start":{"line":44,"column":2},"end":{"line":44,"column":7}},"loc":{"start":{"line":44,"column":26},"end":{"line":50,"column":3}}},"4":{"name":"(anonymous_8)","decl":{"start":{"line":52,"column":2},"end":{"line":52,"column":7}},"loc":{"start":{"line":54,"column":71},"end":{"line":72,"column":3}}},"5":{"name":"(anonymous_9)","decl":{"start":{"line":74,"column":2},"end":{"line":74,"column":7}},"loc":{"start":{"line":74,"column":25},"end":{"line":78,"column":3}}},"6":{"name":"(anonymous_10)","decl":{"start":{"line":85,"column":2},"end":{"line":85,"column":7}},"loc":{"start":{"line":85,"column":29},"end":{"line":88,"column":3}}},"7":{"name":"(anonymous_11)","decl":{"start":{"line":90,"column":2},"end":{"line":90,"column":7}},"loc":{"start":{"line":90,"column":29},"end":{"line":96,"column":3}}},"8":{"name":"(anonymous_12)","decl":{"start":{"line":93,"column":6},"end":{"line":93,"column":7}},"loc":{"start":{"line":93,"column":23},"end":{"line":93,"column":84}}}},"branchMap":{"0":{"loc":{"start":{"line":46,"column":4},"end":{"line":48,"column":5}},"type":"if","locations":[{"start":{"line":46,"column":4},"end":{"line":48,"column":5}},{"start":{},"end":{}}]},"1":{"loc":{"start":{"line":57,"column":26},"end":{"line":57,"column":68}},"type":"binary-expr","locations":[{"start":{"line":57,"column":26},"end":{"line":57,"column":49}},{"start":{"line":57,"column":53},"end":{"line":57,"column":68}}]},"2":{"loc":{"start":{"line":64,"column":4},"end":{"line":69,"column":5}},"type":"if","locations":[{"start":{"line":64,"column":4},"end":{"line":69,"column":5}},{"start":{},"end":{}}]}},"s":{"0":4,"1":4,"2":4,"3":4,"4":4,"5":36,"6":36,"7":7,"8":7,"9":6,"10":6,"11":6,"12":7,"13":22,"14":22,"15":8,"16":14,"17":8,"18":7,"19":7,"20":7,"21":7,"22":2,"23":7,"24":3,"25":2,"26":2,"27":2,"28":1,"29":1,"30":1,"31":2,"32":4,"33":4},"f":{"0":36,"1":7,"2":7,"3":22,"4":8,"5":3,"6":2,"7":1,"8":2},"b":{"0":[8,14],"1":[7,4],"2":[2,5]}}
}
