TN:
SF:src\jwt-auth.guard.ts
FN:41,(anonymous_1)
FNF:1
FNH:1
FNDA:34,(anonymous_1)
DA:16,4
DA:24,4
DA:40,4
DA:42,34
DA:43,34
DA:46,34
DA:47,6
DA:51,28
DA:52,28
DA:53,4
DA:57,24
DA:58,24
DA:59,3
DA:63,21
DA:64,21
LF:15
LH:15
BRDA:46,0,0,6
BRDA:46,0,1,28
BRDA:52,1,0,4
BRDA:52,1,1,24
BRDA:52,2,0,28
BRDA:52,2,1,25
BRDA:58,3,0,3
BRDA:58,3,1,21
BRF:8
BRH:8
end_of_record
TN:
SF:src\notifications.service.ts
FN:13,(anonymous_1)
FN:18,(anonymous_2)
FN:22,(anonymous_3)
FNF:3
FNH:2
FNDA:2,(anonymous_1)
FNDA:0,(anonymous_2)
FNDA:2,(anonymous_3)
DA:9,4
DA:12,4
LF:2
LH:2
BRF:0
BRH:0
end_of_record
TN:
SF:src\permissions.decorator.ts
FN:4,(anonymous_0)
FNF:1
FNH:1
FNDA:15,(anonymous_0)
DA:1,5
DA:3,5
DA:4,5
DA:5,15
LF:4
LH:4
BRF:0
BRH:0
end_of_record
TN:
SF:src\permissions.guard.ts
FN:7,(anonymous_2)
FN:9,(anonymous_3)
FN:26,(anonymous_4)
FNF:3
FNH:3
FNDA:11,(anonymous_2)
FNDA:28,(anonymous_3)
FNDA:28,(anonymous_4)
DA:1,4
DA:2,4
DA:3,4
DA:6,4
DA:7,11
DA:11,28
DA:17,28
DA:18,2
DA:22,26
DA:23,26
DA:26,26
DA:27,28
LF:12
LH:12
BRDA:17,0,0,2
BRDA:17,0,1,26
BRDA:17,1,0,28
BRDA:17,1,1,27
BRDA:23,2,0,26
BRDA:23,2,1,2
BRF:6
BRH:6
end_of_record
TN:
SF:src\task.utils.ts
FN:14,generateTaskSummary
FN:19,calculatePriorityScore
FNF:2
FNH:2
FNDA:7,generateTaskSummary
FNDA:14,calculatePriorityScore
DA:14,5
DA:15,7
DA:16,7
DA:19,5
DA:23,14
DA:24,14
DA:25,14
LF:7
LH:7
BRDA:15,0,0,3
BRDA:15,0,1,4
BRDA:25,1,0,5
BRDA:25,1,1,9
BRF:4
BRH:4
end_of_record
TN:
SF:src\tasks.controller.ts
FN:30,(anonymous_4)
FN:34,(anonymous_5)
FN:40,(anonymous_6)
FN:46,(anonymous_7)
FN:52,(anonymous_8)
FN:58,(anonymous_9)
FN:63,(anonymous_10)
FNF:7
FNH:7
FNDA:17,(anonymous_4)
FNDA:5,(anonymous_5)
FNDA:6,(anonymous_6)
FNDA:6,(anonymous_7)
FNDA:3,(anonymous_8)
FNDA:3,(anonymous_9)
FNDA:1,(anonymous_10)
DA:10,3
DA:21,3
DA:22,3
DA:23,3
DA:24,3
DA:25,3
DA:29,3
DA:30,17
DA:34,3
DA:35,5
DA:40,3
DA:41,6
DA:46,3
DA:47,6
DA:52,3
DA:53,3
DA:58,3
DA:59,3
DA:63,3
DA:64,1
LF:20
LH:20
BRF:0
BRH:0
end_of_record
TN:
SF:src\tasks.service.ts
FN:22,(anonymous_4)
FN:29,(anonymous_5)
FN:40,(anonymous_6)
FN:44,(anonymous_7)
FN:52,(anonymous_8)
FN:74,(anonymous_9)
FN:85,(anonymous_10)
FN:90,(anonymous_11)
FN:93,(anonymous_12)
FNF:9
FNH:9
FNDA:36,(anonymous_4)
FNDA:7,(anonymous_5)
FNDA:7,(anonymous_6)
FNDA:22,(anonymous_7)
FNDA:8,(anonymous_8)
FNDA:3,(anonymous_9)
FNDA:2,(anonymous_10)
FNDA:1,(anonymous_11)
FNDA:2,(anonymous_12)
DA:12,4
DA:14,4
DA:15,4
DA:18,4
DA:21,4
DA:24,36
DA:26,36
DA:30,7
DA:31,7
DA:34,6
DA:35,6
DA:37,6
DA:41,7
DA:45,22
DA:46,22
DA:47,8
DA:49,14
DA:56,8
DA:57,7
DA:60,7
DA:61,7
DA:64,7
DA:65,2
DA:71,7
DA:75,3
DA:76,2
DA:77,2
DA:86,2
DA:87,1
DA:91,1
DA:92,1
DA:93,2
LF:32
LH:32
BRDA:46,0,0,8
BRDA:46,0,1,14
BRDA:57,1,0,7
BRDA:57,1,1,4
BRDA:64,2,0,2
BRDA:64,2,1,5
BRF:6
BRH:6
end_of_record
